<?xml version="1.0" encoding="UTF-8"?>
<testsuite xmlns:xsi="http://www.w3.org/2001/XMLSchema-instance" xsi:noNamespaceSchemaLocation="https://maven.apache.org/surefire/maven-surefire-plugin/xsd/surefire-test-report.xsd" name="core.AppTest" time="0.045" tests="1" errors="0" skipped="0" failures="0">
  <properties>
    <property name="java.specification.version" value="15"/>
    <property name="sun.cpu.isalist" value="amd64"/>
    <property name="sun.jnu.encoding" value="Cp1252"/>
    <property name="java.class.path" value="c:\Users\winbe\GitHub Projects\4-semester-project\opcua-controller\core\target\test-classes;c:\Users\winbe\GitHub Projects\4-semester-project\opcua-controller\core\target\classes;C:\Users\winbe\.m2\repository\junit\junit\4.11\junit-4.11.jar;C:\Users\winbe\.m2\repository\org\hamcrest\hamcrest-core\1.3\hamcrest-core-1.3.jar;C:\Users\winbe\.m2\repository\dk\sdu\project\common\1.0-SNAPSHOT\common-1.0-SNAPSHOT.jar;C:\Users\winbe\.m2\repository\dk\sdu\project\operations\1.0-SNAPSHOT\operations-1.0-SNAPSHOT.jar;C:\Users\winbe\.m2\repository\dk\sdu\project\utility\1.0-SNAPSHOT\utility-1.0-SNAPSHOT.jar;C:\Users\winbe\.m2\repository\org\eclipse\milo\sdk-client\0.5.2\sdk-client-0.5.2.jar;C:\Users\winbe\.m2\repository\org\eclipse\milo\stack-client\0.5.2\stack-client-0.5.2.jar;C:\Users\winbe\.m2\repository\org\eclipse\milo\stack-core\0.5.2\stack-core-0.5.2.jar;C:\Users\winbe\.m2\repository\org\bouncycastle\bcprov-jdk15on\1.61\bcprov-jdk15on-1.61.jar;C:\Users\winbe\.m2\repository\org\bouncycastle\bcpkix-jdk15on\1.61\bcpkix-jdk15on-1.61.jar;C:\Users\winbe\.m2\repository\com\google\guava\guava\26.0-jre\guava-26.0-jre.jar;C:\Users\winbe\.m2\repository\io\netty\netty-codec\4.1.45.Final\netty-codec-4.1.45.Final.jar;C:\Users\winbe\.m2\repository\io\netty\netty-handler\4.1.45.Final\netty-handler-4.1.45.Final.jar;C:\Users\winbe\.m2\repository\org\slf4j\slf4j-api\1.7.25\slf4j-api-1.7.25.jar;C:\Users\winbe\.m2\repository\org\glassfish\jaxb\jaxb-runtime\2.3.3\jaxb-runtime-2.3.3.jar;C:\Users\winbe\.m2\repository\jakarta\xml\bind\jakarta.xml.bind-api\2.3.3\jakarta.xml.bind-api-2.3.3.jar;C:\Users\winbe\.m2\repository\org\glassfish\jaxb\txw2\2.3.3\txw2-2.3.3.jar;C:\Users\winbe\.m2\repository\com\sun\istack\istack-commons-runtime\3.0.11\istack-commons-runtime-3.0.11.jar;C:\Users\winbe\.m2\repository\com\sun\activation\jakarta.activation\1.2.2\jakarta.activation-1.2.2.jar;C:\Users\winbe\.m2\repository\com\digitalpetri\netty\netty-channel-fsm\0.3\netty-channel-fsm-0.3.jar;C:\Users\winbe\.m2\repository\com\digitalpetri\fsm\strict-machine\0.1\strict-machine-0.1.jar;C:\Users\winbe\.m2\repository\io\netty\netty-codec-http\4.1.45.Final\netty-codec-http-4.1.45.Final.jar;C:\Users\winbe\.m2\repository\io\netty\netty-common\4.1.45.Final\netty-common-4.1.45.Final.jar;C:\Users\winbe\.m2\repository\io\netty\netty-buffer\4.1.45.Final\netty-buffer-4.1.45.Final.jar;C:\Users\winbe\.m2\repository\io\netty\netty-transport\4.1.45.Final\netty-transport-4.1.45.Final.jar;C:\Users\winbe\.m2\repository\io\netty\netty-resolver\4.1.45.Final\netty-resolver-4.1.45.Final.jar;C:\Users\winbe\.m2\repository\org\eclipse\milo\sdk-core\0.5.2\sdk-core-0.5.2.jar;C:\Users\winbe\.m2\repository\io\socket\socket.io-client\2.0.0\socket.io-client-2.0.0.jar;C:\Users\winbe\.m2\repository\io\socket\engine.io-client\2.0.0\engine.io-client-2.0.0.jar;C:\Users\winbe\.m2\repository\com\squareup\okhttp3\okhttp\3.12.12\okhttp-3.12.12.jar;C:\Users\winbe\.m2\repository\com\squareup\okio\okio\1.15.0\okio-1.15.0.jar;C:\Users\winbe\.m2\repository\org\json\json\20090211\json-20090211.jar;C:\Users\winbe\.m2\repository\com\google\code\gson\gson\2.8.6\gson-2.8.6.jar;"/>
    <property name="java.vm.vendor" value="Oracle Corporation"/>
    <property name="sun.arch.data.model" value="64"/>
    <property name="user.variant" value=""/>
    <property name="java.vendor.url" value="https://java.oracle.com/"/>
    <property name="user.timezone" value="Europe/Copenhagen"/>
    <property name="os.name" value="Windows 10"/>
    <property name="java.vm.specification.version" value="15"/>
    <property name="sun.java.launcher" value="SUN_STANDARD"/>
    <property name="user.country" value="DK"/>
    <property name="sun.boot.library.path" value="C:\Program Files\Java\jdk-15.0.1\bin"/>
    <property name="sun.java.command" value="C:\Users\winbe\AppData\Local\Temp\surefire2609608235564641584\surefirebooter11249216212496434438.jar C:\Users\winbe\AppData\Local\Temp\surefire2609608235564641584 2021-04-02T00-24-38_358-jvmRun1 surefire18161759007494460886tmp surefire_014540169049389644283tmp"/>
    <property name="jdk.debug" value="release"/>
    <property name="surefire.test.class.path" value="c:\Users\winbe\GitHub Projects\4-semester-project\opcua-controller\core\target\test-classes;c:\Users\winbe\GitHub Projects\4-semester-project\opcua-controller\core\target\classes;C:\Users\winbe\.m2\repository\junit\junit\4.11\junit-4.11.jar;C:\Users\winbe\.m2\repository\org\hamcrest\hamcrest-core\1.3\hamcrest-core-1.3.jar;C:\Users\winbe\.m2\repository\dk\sdu\project\common\1.0-SNAPSHOT\common-1.0-SNAPSHOT.jar;C:\Users\winbe\.m2\repository\dk\sdu\project\operations\1.0-SNAPSHOT\operations-1.0-SNAPSHOT.jar;C:\Users\winbe\.m2\repository\dk\sdu\project\utility\1.0-SNAPSHOT\utility-1.0-SNAPSHOT.jar;C:\Users\winbe\.m2\repository\org\eclipse\milo\sdk-client\0.5.2\sdk-client-0.5.2.jar;C:\Users\winbe\.m2\repository\org\eclipse\milo\stack-client\0.5.2\stack-client-0.5.2.jar;C:\Users\winbe\.m2\repository\org\eclipse\milo\stack-core\0.5.2\stack-core-0.5.2.jar;C:\Users\winbe\.m2\repository\org\bouncycastle\bcprov-jdk15on\1.61\bcprov-jdk15on-1.61.jar;C:\Users\winbe\.m2\repository\org\bouncycastle\bcpkix-jdk15on\1.61\bcpkix-jdk15on-1.61.jar;C:\Users\winbe\.m2\repository\com\google\guava\guava\26.0-jre\guava-26.0-jre.jar;C:\Users\winbe\.m2\repository\io\netty\netty-codec\4.1.45.Final\netty-codec-4.1.45.Final.jar;C:\Users\winbe\.m2\repository\io\netty\netty-handler\4.1.45.Final\netty-handler-4.1.45.Final.jar;C:\Users\winbe\.m2\repository\org\slf4j\slf4j-api\1.7.25\slf4j-api-1.7.25.jar;C:\Users\winbe\.m2\repository\org\glassfish\jaxb\jaxb-runtime\2.3.3\jaxb-runtime-2.3.3.jar;C:\Users\winbe\.m2\repository\jakarta\xml\bind\jakarta.xml.bind-api\2.3.3\jakarta.xml.bind-api-2.3.3.jar;C:\Users\winbe\.m2\repository\org\glassfish\jaxb\txw2\2.3.3\txw2-2.3.3.jar;C:\Users\winbe\.m2\repository\com\sun\istack\istack-commons-runtime\3.0.11\istack-commons-runtime-3.0.11.jar;C:\Users\winbe\.m2\repository\com\sun\activation\jakarta.activation\1.2.2\jakarta.activation-1.2.2.jar;C:\Users\winbe\.m2\repository\com\digitalpetri\netty\netty-channel-fsm\0.3\netty-channel-fsm-0.3.jar;C:\Users\winbe\.m2\repository\com\digitalpetri\fsm\strict-machine\0.1\strict-machine-0.1.jar;C:\Users\winbe\.m2\repository\io\netty\netty-codec-http\4.1.45.Final\netty-codec-http-4.1.45.Final.jar;C:\Users\winbe\.m2\repository\io\netty\netty-common\4.1.45.Final\netty-common-4.1.45.Final.jar;C:\Users\winbe\.m2\repository\io\netty\netty-buffer\4.1.45.Final\netty-buffer-4.1.45.Final.jar;C:\Users\winbe\.m2\repository\io\netty\netty-transport\4.1.45.Final\netty-transport-4.1.45.Final.jar;C:\Users\winbe\.m2\repository\io\netty\netty-resolver\4.1.45.Final\netty-resolver-4.1.45.Final.jar;C:\Users\winbe\.m2\repository\org\eclipse\milo\sdk-core\0.5.2\sdk-core-0.5.2.jar;C:\Users\winbe\.m2\repository\io\socket\socket.io-client\2.0.0\socket.io-client-2.0.0.jar;C:\Users\winbe\.m2\repository\io\socket\engine.io-client\2.0.0\engine.io-client-2.0.0.jar;C:\Users\winbe\.m2\repository\com\squareup\okhttp3\okhttp\3.12.12\okhttp-3.12.12.jar;C:\Users\winbe\.m2\repository\com\squareup\okio\okio\1.15.0\okio-1.15.0.jar;C:\Users\winbe\.m2\repository\org\json\json\20090211\json-20090211.jar;C:\Users\winbe\.m2\repository\com\google\code\gson\gson\2.8.6\gson-2.8.6.jar;"/>
    <property name="sun.cpu.endian" value="little"/>
    <property name="user.home" value="C:\Users\winbe"/>
    <property name="user.language" value="da"/>
    <property name="java.specification.vendor" value="Oracle Corporation"/>
    <property name="java.version.date" value="2020-10-20"/>
    <property name="java.home" value="C:\Program Files\Java\jdk-15.0.1"/>
    <property name="file.separator" value="\"/>
    <property name="basedir" value="c:\Users\winbe\GitHub Projects\4-semester-project\opcua-controller\core"/>
    <property name="java.vm.compressedOopsMode" value="32-bit"/>
    <property name="line.separator" value="&#10;"/>
    <property name="java.vm.specification.vendor" value="Oracle Corporation"/>
    <property name="java.specification.name" value="Java Platform API Specification"/>
    <property name="surefire.real.class.path" value="C:\Users\winbe\AppData\Local\Temp\surefire2609608235564641584\surefirebooter11249216212496434438.jar"/>
    <property name="user.script" value=""/>
    <property name="sun.management.compiler" value="HotSpot 64-Bit Tiered Compilers"/>
    <property name="java.runtime.version" value="15.0.1+9-18"/>
    <property name="user.name" value="winbe"/>
    <property name="path.separator" value=";"/>
    <property name="os.version" value="10.0"/>
    <property name="java.runtime.name" value="Java(TM) SE Runtime Environment"/>
    <property name="file.encoding" value="Cp1252"/>
    <property name="java.vm.name" value="Java HotSpot(TM) 64-Bit Server VM"/>
    <property name="localRepository" value="C:\Users\winbe\.m2\repository"/>
    <property name="java.vendor.url.bug" value="https://bugreport.java.com/bugreport/"/>
    <property name="java.io.tmpdir" value="C:\Users\winbe\AppData\Local\Temp\"/>
    <property name="java.version" value="15.0.1"/>
    <property name="user.dir" value="c:\Users\winbe\GitHub Projects\4-semester-project\opcua-controller\core"/>
    <property name="os.arch" value="amd64"/>
    <property name="java.vm.specification.name" value="Java Virtual Machine Specification"/>
    <property name="sun.os.patch.level" value=""/>
    <property name="java.library.path" value="C:\Program Files\Java\jdk-15.0.1\bin;C:\WINDOWS\Sun\Java\bin;C:\WINDOWS\system32;C:\WINDOWS;C:\Program Files\AdoptOpenJDK\jdk-8.0.282.8-hotspot\bin;C:\Program Files\Common Files\Oracle\Java\javapath;C:\Program Files (x86)\Common Files\Oracle\Java\javapath;C:\Program Files (x86)\Common Files\Intel\Shared Libraries\redist\intel64\compiler;C:\Windows\system32;C:\Windows;C:\Windows\System32\Wbem;C:\Windows\System32\WindowsPowerShell\v1.0\;C:\Windows\System32\OpenSSH\;C:\Program Files (x86)\NVIDIA Corporation\PhysX\Common;C:\Program Files\NVIDIA Corporation\NVIDIA NvDLISR;C:\WINDOWS\system32;C:\WINDOWS;C:\WINDOWS\System32\Wbem;C:\WINDOWS\System32\WindowsPowerShell\v1.0\;C:\WINDOWS\System32\OpenSSH\;C:\Program Files\nodejs\;C:\Program Files\Git\cmd;C:\Program Files\Docker\Docker\resources\bin;C:\ProgramData\DockerDesktop\version-bin;C:\PROGRA~1\MATLAB\R2020b\bin;C:\Program Files\MATLAB\R2020b\bin;C:\Program Files\sqlite;C:\Program Files\apache-maven-3.6.3\bin;C:\Users\winbe\AppData\Local\Programs\Python\Python39\Scripts\;C:\Users\winbe\AppData\Local\Programs\Python\Python39\;C:\Users\winbe\AppData\Local\Microsoft\WindowsApps;C:\Users\winbe\AppData\Local\GitHubDesktop\bin;C:\Users\winbe\AppData\Local\Microsoft\WindowsApps;C:\Users\winbe\AppData\Roaming\npm;C:\Users\winbe\AppData\Local\Programs\Microsoft VS Code\bin;."/>
    <property name="java.vm.info" value="mixed mode, sharing"/>
    <property name="java.vendor" value="Oracle Corporation"/>
    <property name="java.vm.version" value="15.0.1+9-18"/>
    <property name="sun.io.unicode.encoding" value="UnicodeLittle"/>
    <property name="java.class.version" value="59.0"/>
  </properties>
  <testcase name="shouldAnswerWithTrue" classname="core.AppTest" time="0.002"/>
</testsuite>